<?xml version="1.0" encoding="UTF-8"?>
<!-- Generated by org.testng.reporters.JUnitReportReporter -->
<testsuite hostname="Mohits-MacBook-Air.local" failures="0" tests="1" name="pagefactorygroup.pagefactoryid.TestClass" time="3.820" errors="0" timestamp="11 Dec 2021 05:26:05 GMT">
  <testcase classname="pagefactorygroup.pagefactoryid.TestClass" name="checkingScroll" time="3.820"/>
</testsuite> <!-- pagefactorygroup.pagefactoryid.TestClass -->
