<?xml version="1.0" encoding="UTF-8"?>
<!-- Generated by org.testng.reporters.JUnitReportReporter -->
<testsuite hostname="Mohits-MacBook-Air.local" failures="0" tests="1" name="pagefactorygroup.pagefactoryid.TestClass" time="3.270" errors="0" timestamp="11 Dec 2021 18:06:32 GMT">
  <testcase classname="pagefactorygroup.pagefactoryid.TestClass" name="checkingScroll" time="3.270"/>
</testsuite> <!-- pagefactorygroup.pagefactoryid.TestClass -->
