<?xml version="1.0" encoding="UTF-8"?>
<!-- Generated by org.testng.reporters.JUnitReportReporter -->
<testsuite hostname="Mohits-MacBook-Air.local" name="pagefactorygroup.pagefactoryid.AppTest" tests="1" failures="0" timestamp="11 Dec 2021 05:57:36 GMT" time="0.004" errors="0">
  <testcase name="shouldAnswerWithTrue" time="0.004" classname="pagefactorygroup.pagefactoryid.AppTest"/>
</testsuite> <!-- pagefactorygroup.pagefactoryid.AppTest -->
